2026-04-11 16:24:23 [INFO ] [Hooks] - [setUp] Scenario Started: Verify whether the user is able to register into the application by providing all the fields
2026-04-11 16:24:23 [INFO ] [Browser] - [startBrowser] Selected Browser is: chrome
2026-04-11 16:24:31 [INFO ] [Browser] - [takeScreenshot] Exception has Occured while taking screenshot
2026-04-11 16:25:55 [INFO ] [Hooks] - [setUp] Scenario Started: Verify whether the user is able to register into the application by providing all the fields
2026-04-11 16:25:55 [INFO ] [Browser] - [startBrowser] Selected Browser is: chrome
2026-04-11 16:26:00 [INFO ] [Browser] - [takeScreenshot] Exception has Occured while taking screenshot
2026-04-12 21:37:47 [INFO ] [Hooks] - [setUp] Scenario Started: Verify whether the user is able to register into the application by providing all the fields
2026-04-12 21:46:02 [INFO ] [Hooks] - [setUp] Scenario Started: Verify whether the user is able to register into the application by providing all the fields
2026-04-12 21:46:02 [INFO ] [Browser] - [takeScreenshot] Exception occurred while taking screenshot
2026-04-12 21:57:37 [INFO ] [Hooks] - [setUp] Scenario Started: Verify whether the user is able to register into the application by providing all the fields
2026-04-12 21:57:37 [INFO ] [Browser] - [takeScreenshot] Exception occurred while taking screenshot
2026-04-12 22:01:06 [INFO ] [Hooks] - [setUp] Scenario Started: Verify whether the user is able to register into the application by providing all the fields
2026-04-12 22:01:06 [INFO ] [Browser] - [startBrowser] Selected Browser is: chrome
2026-04-12 22:01:24 [INFO ] [Browser] - [startBrowser] Chrome Browser is Started1377212248
2026-04-12 22:01:42 [INFO ] [Hooks] - [closeBrowser] Scenario Completed: Verify whether the user is able to register into the application by providing all the fields
2026-04-12 22:01:42 [INFO ] [Hooks] - [closeBrowser] Scenario Status is: FAILED
2026-04-12 22:16:14 [INFO ] [Hooks] - [setUp] Scenario Started: Verify whether the user is not allowed to register on skipping mandatory fields
2026-04-12 22:16:14 [INFO ] [Browser] - [startBrowser] Selected Browser is: chrome
2026-04-12 22:16:20 [INFO ] [Browser] - [startBrowser] Chrome Browser is Started1863103905
2026-04-12 22:16:25 [INFO ] [Hooks] - [closeBrowser] Scenario Completed: Verify whether the user is not allowed to register on skipping mandatory fields
2026-04-12 22:16:25 [INFO ] [Hooks] - [closeBrowser] Scenario Status is: FAILED
2026-04-12 22:47:56 [INFO ] [Hooks] - [setUp] Scenario Started: Verify whether the user is not allowed to register on skipping mandatory fields
2026-04-12 22:47:56 [INFO ] [Browser] - [startBrowser] Selected Browser is: chrome
2026-04-12 22:47:58 [INFO ] [Browser] - [startBrowser] Chrome Browser is Started1196716338
2026-04-12 22:48:01 [INFO ] [Hooks] - [closeBrowser] Scenario Completed: Verify whether the user is not allowed to register on skipping mandatory fields
2026-04-12 22:48:01 [INFO ] [Hooks] - [closeBrowser] Scenario Status is: FAILED
2026-04-12 22:52:37 [INFO ] [Hooks] - [setUp] Scenario Started: Verify whether the user is not allowed to register on skipping mandatory fields
2026-04-12 22:52:37 [INFO ] [Browser] - [startBrowser] Selected Browser is: chrome
2026-04-12 22:52:43 [INFO ] [Browser] - [startBrowser] Chrome Browser is Started1196716338
2026-04-12 22:52:46 [INFO ] [Hooks] - [closeBrowser] Scenario Completed: Verify whether the user is not allowed to register on skipping mandatory fields
2026-04-12 22:52:46 [INFO ] [Hooks] - [closeBrowser] Scenario Status is: FAILED
2026-04-12 22:58:56 [INFO ] [Hooks] - [setUp] Scenario Started: Verify whether the user is not allowed to register on skipping mandatory fields
2026-04-12 22:58:56 [INFO ] [Browser] - [startBrowser] Selected Browser is: chrome
2026-04-12 22:58:58 [INFO ] [Browser] - [startBrowser] Chrome Browser is Started1700078557
2026-04-12 22:59:01 [INFO ] [Hooks] - [closeBrowser] Scenario Completed: Verify whether the user is not allowed to register on skipping mandatory fields
2026-04-12 22:59:01 [INFO ] [Hooks] - [closeBrowser] Scenario Status is: FAILED
2026-04-12 23:05:28 [INFO ] [Hooks] - [setUp] Scenario Started: Verify whether the user is able to register into the application by opting for Newsletter subscription
2026-04-12 23:05:28 [INFO ] [Browser] - [startBrowser] Selected Browser is: chrome
2026-04-12 23:05:32 [INFO ] [Browser] - [startBrowser] Chrome Browser is Started2076864428
2026-04-12 23:05:35 [INFO ] [Hooks] - [closeBrowser] Scenario Completed: Verify whether the user is able to register into the application by opting for Newsletter subscription
2026-04-12 23:05:35 [INFO ] [Hooks] - [closeBrowser] Scenario Status is: FAILED
2026-04-12 23:32:03 [INFO ] [Hooks] - [setUp] Scenario Started: Verify whether the user is restricted from registring a duplicate account
2026-04-12 23:32:03 [INFO ] [Browser] - [startBrowser] Selected Browser is: chrome
2026-04-12 23:32:06 [INFO ] [Browser] - [startBrowser] Chrome Browser is Started1727420902
2026-04-12 23:32:09 [INFO ] [Hooks] - [closeBrowser] Scenario Completed: Verify whether the user is restricted from registring a duplicate account
2026-04-12 23:32:09 [INFO ] [Hooks] - [closeBrowser] Scenario Status is: FAILED
2026-04-14 16:24:25 [INFO ] [Hooks] - [setUp] Scenario Started: Verify whether the User is able to login with valid credentials
2026-04-14 16:24:25 [INFO ] [Browser] - [startBrowser] Selected Browser is: chrome
2026-04-14 16:24:30 [INFO ] [Browser] - [startBrowser] Chrome Browser is Started382044126
2026-04-14 16:24:35 [INFO ] [Hooks] - [closeBrowser] Scenario Completed: Verify whether the User is able to login with valid credentials
2026-04-14 16:24:35 [INFO ] [Hooks] - [closeBrowser] Scenario Status is: UNDEFINED
2026-04-14 16:24:35 [INFO ] [Hooks] - [setUp] Scenario Started: Verify that the User is not able to login with invalid credentials
2026-04-14 16:24:35 [INFO ] [Browser] - [startBrowser] Selected Browser is: chrome
2026-04-14 16:24:37 [INFO ] [Browser] - [startBrowser] Chrome Browser is Started1758962399
2026-04-14 16:24:40 [INFO ] [Hooks] - [closeBrowser] Scenario Completed: Verify that the User is not able to login with invalid credentials
2026-04-14 16:24:40 [INFO ] [Hooks] - [closeBrowser] Scenario Status is: UNDEFINED
2026-04-14 16:24:40 [INFO ] [Hooks] - [setUp] Scenario Started: Verify that the User is not able to login without providing credentials
2026-04-14 16:24:40 [INFO ] [Browser] - [startBrowser] Selected Browser is: chrome
2026-04-14 16:24:41 [INFO ] [Browser] - [startBrowser] Chrome Browser is Started523528914
2026-04-14 16:24:44 [INFO ] [Hooks] - [closeBrowser] Scenario Completed: Verify that the User is not able to login without providing credentials
2026-04-14 16:24:44 [INFO ] [Hooks] - [closeBrowser] Scenario Status is: UNDEFINED
2026-04-14 16:24:44 [INFO ] [Hooks] - [setUp] Scenario Started: Verify that the User is able to reset forgotten password
2026-04-14 16:24:44 [INFO ] [Browser] - [startBrowser] Selected Browser is: chrome
2026-04-14 16:24:46 [INFO ] [Browser] - [startBrowser] Chrome Browser is Started1973471376
2026-04-14 16:24:49 [INFO ] [Hooks] - [closeBrowser] Scenario Completed: Verify that the User is able to reset forgotten password
2026-04-14 16:24:49 [INFO ] [Hooks] - [closeBrowser] Scenario Status is: UNDEFINED
